<?xml version="1.0" encoding="UTF-8"?>
<!-- Generated by org.testng.reporters.JUnitReportReporter -->
<testsuite hostname="DESKTOP-N7KUQ8V" failures="0" tests="1" name="scripts.tc2" time="0.020" errors="0" timestamp="2022-12-29T02:03:02 IST" skipped="0">
  <testcase classname="scripts.tc2" name="demo" time="0.020"/>
  <system-out>
    <![CDATA[hello java]]>
  </system-out>
</testsuite> <!-- scripts.tc2 -->
